11:26:25 **** Build of configuration Default for project MyProject ****
make all 
arm-none-eabi-ar rcs libssp.a
arm-none-eabi-ar rcs libssp_nonshared.a
Compiler Options
arm-none-eabi-gcc -c -mcpu=cortex-m4 -O2 -ggdb -fomit-frame-pointer -falign-functions=16 -fno-strict-aliasing -fstack-protector-all -L . -ffunction-sections -fdata-sections -fno-common -mfloat-abi=hard -mfpu=fpv4-sp-d16 -fsingle-precision-constant -Wall -Wextra -Wundef -Wstrict-prototypes -Wno-implicit-fallthrough -Wa,-alms=build/lst/ -DCORTEX_USE_FPU=TRUE -DSTDOUT_SD=SDU1 -DSTDIN_SD=SDU1 -DARM_MATH_CM4 -D__FPU_PRESENT -DTHUMB_PRESENT -mno-thumb-interwork -DTHUMB_NO_INTERWORKING -MD -MP -MF .dep/build.d -I. -I../e-puck2_main-processor/ChibiOS_ext/os/hal/include -I../e-puck2_main-processor/ChibiOS_ext/os/hal/ports/STM32/STM32F4xx -I../e-puck2_main-processor/src/epuck1x -I../e-puck2_main-processor/src/ -I../e-puck2_main-processor/ChibiOS//os/common/ports/ARMCMx/devices/STM32F4xx -I../e-puck2_main-processor/ChibiOS//os/ext/CMSIS/include -I../e-puck2_main-processor/ChibiOS//os/ext/CMSIS/ST -I../e-puck2_main-processor/ChibiOS//os/rt/include -I../e-puck2_main-processor/ChibiOS//os/rt/ports/ARMCMx -I../e-puck2_main-processor/ChibiOS//os/rt/ports/ARMCMx/compilers/GCC -I../e-puck2_main-processor/ChibiOS//os/hal/osal/rt -I../e-puck2_main-processor/ChibiOS//os/hal/include -I../e-puck2_main-processor/ChibiOS//os/hal/ports/common/ARMCMx -I../e-puck2_main-processor/ChibiOS//os/hal/ports/STM32/STM32F4xx -I../e-puck2_main-processor/ChibiOS//os/hal/ports/STM32/LLD -I../e-puck2_main-processor/ChibiOS//os/hal/ports/STM32/LLD/DACv1 -I../e-puck2_main-processor/ChibiOS//os/hal/ports/STM32/LLD/GPIOv2 -I../e-puck2_main-processor/ChibiOS//os/hal/ports/STM32/LLD/I2Cv1 -I../e-puck2_main-processor/ChibiOS//os/hal/ports/STM32/LLD/OTGv1 -I../e-puck2_main-processor/ChibiOS//os/hal/ports/STM32/LLD/RTCv2 -I../e-puck2_main-processor/ChibiOS//os/hal/ports/STM32/LLD/SPIv1 -I../e-puck2_main-processor/ChibiOS//os/hal/ports/STM32/LLD/TIMv1 -I../e-puck2_main-processor/ChibiOS//os/hal/ports/STM32/LLD/USARTv1 -I../e-puck2_main-processor/ChibiOS//os/hal/ports/STM32/LLD/FSMCv1 -I../e-puck2_main-processor/ChibiOS_ext//os/hal/boards/epuck2 -I../e-puck2_main-processor/ChibiOS//test/rt -I../e-puck2_main-processor/ChibiOS//os/various -I../e-puck2_main-processor/ChibiOS//os/hal/lib/streams -I../e-puck2_main-processor/aseba -I../e-puck2_main-processor/ChibiOS_ext//ext/fatfs/src -I../e-puck2_main-processor/src main.c -o main.o

[1;34mCompiling crt0_v7m.s[0m
[1;34mCompiling chcoreasm_v7m.s[0m
[1;34mCompiling main.c[0m
[1;34mCompiling spi3_slave_lld.c[0m
[1;34mCompiling dcmi_lld.c[0m
[1;34mCompiling dcmi.c[0m
[1;34mCompiling spi3_slave.c[0m
[1;34mCompiling audio_thread.c[0m
[1;34mCompiling microphone.c[0m
[1;34mCompiling mp45dt02_processing.c[0m
[1;34mCompiling play_melody.c[0m
[1;34mCompiling button.c[0m
[1;34mCompiling camera.c[0m
[1;34mCompiling dcmi_camera.c[0m
[1;34mCompiling ov2640.c[0m
[1;34mCompiling ov7670.c[0m
[1;34mCompiling po6030.c[0m
[1;34mCompiling po8030.c[0m
[1;34mCompiling cmd.c[0m
[1;34mCompiling Asercom.c[0m
[1;34mCompiling Asercom2.c[0m
[1;34mCompiling DataEEPROM.c[0m
[1;34mCompiling e_I2C_protocol.c[0m
[1;34mCompiling e_acc.c[0m
[1;34mCompiling e_ad_conv.c[0m
[1;34mCompiling e_micro.c[0m
[1;34mCompiling e_prox.c[0m
[1;34mCompiling e_lsm330.c[0m
[1;34mCompiling e_common.c[0m
[1;34mCompiling e_sound.c[0m
[1;34mCompiling e_agenda.c[0m
[1;34mCompiling e_led.c[0m
[1;34mCompiling e_motors.c[0m
[1;34mCompiling e_remote_control.c[0m
[1;34mCompiling e_init_port.c[0m
[1;34mCompiling e_uart_char.c[0m
[1;34mCompiling utility.c[0m
[1;34mCompiling exti.c[0m
[1;34mCompiling flash.c[0m
[1;34mCompiling i2c_bus.c[0m
[1;34mCompiling ir_remote.c[0m
[1;34mCompiling leds.c[0m
[1;34mCompiling memory_protection.c[0m
[1;34mCompiling motors.c[0m
[1;34mCompiling panic.c[0m
[1;34mCompiling selector.c[0m
[1;34mCompiling battery_level.c[0m
[1;34mCompiling ground.c[0m
[1;34mCompiling imu.c[0m
[1;34mCompiling mpu9250.c[0m
[1;34mCompiling proximity.c[0m
[1;34mCompiling serial_comm.c[0m
[1;34mCompiling spi_comm.c[0m
[1;34mCompiling sdio.c[0m
[1;34mCompiling usbcfg.c[0m
[1;34mCompiling uc_usage.c[0m
[1;34mCompiling malloc_lock.c[0m
[1;34mCompiling newlib_syscalls.c[0m
[1;34mCompiling port.c[0m
[1;34mCompiling communication.c[0m
[1;34mCompiling config_flash_storage.c[0m
[1;34mCompiling vl53l0x_api.c[0m
[1;34mCompiling vl53l0x_api_calibration.c[0m
[1;34mCompiling vl53l0x_api_core.c[0m
[1;34mCompiling vl53l0x_api_ranging.c[0m
[1;34mCompiling vl53l0x_api_strings.c[0m
[1;34mCompiling vl53l0x_i2c_platform.c[0m
[1;34mCompiling vl53l0x_platform.c[0m
[1;34mCompiling VL53L0X.c[0m
[1;34mCompiling serial_datagram.c[0m
[1;34mCompiling cmp.c[0m
[1;34mCompiling cmp_mem_access.c[0m
[1;34mCompiling crc16.c[0m
[1;34mCompiling crc32.c[0m
[1;34mCompiling messagebus.c[0m
[1;34mCompiling parameter.c[0m
[1;34mCompiling parameter_msgpack.c[0m
[1;34mCompiling parameter_print.c[0m
[1;34mCompiling fat.c[0m
[1;34mCompiling play_sound_file.c[0m
[1;34mCompiling behaviors.c[0m
[1;34mCompiling ircom.c[0m
[1;34mCompiling ircomReceive.c[0m
[1;34mCompiling ircomTools.c[0m
[1;34mCompiling ircomMessages.c[0m
[1;34mCompiling ircomSend.c[0m
[1;34mCompiling transceiver.c[0m
[1;34mCompiling crt1.c[0m
[1;34mCompiling vectors.c[0m
[1;34mCompiling chsys.c[0m
[1;34mCompiling chdebug.c[0m
[1;34mCompiling chvt.c[0m
[1;34mCompiling chschd.c[0m
[1;34mCompiling chthreads.c[0m
[1;34mCompiling chtm.c[0m
[1;34mCompiling chstats.c[0m
[1;34mCompiling chdynamic.c[0m
[1;34mCompiling chregistry.c[0m
[1;34mCompiling chsem.c[0m
[1;34mCompiling chmtx.c[0m
[1;34mCompiling chcond.c[0m
[1;34mCompiling chevents.c[0m
[1;34mCompiling chmsg.c[0m
[1;34mCompiling chmboxes.c[0m
[1;34mCompiling chqueues.c[0m
[1;34mCompiling chmemcore.c[0m
[1;34mCompiling chheap.c[0m
[1;34mCompiling chmempools.c[0m
[1;34mCompiling chcore.c[0m
[1;34mCompiling chcore_v7m.c[0m
[1;34mCompiling osal.c[0m
[1;34mCompiling hal.c[0m
[1;34mCompiling hal_queues.c[0m
[1;34mCompiling hal_mmcsd.c[0m
[1;34mCompiling adc.c[0m
[1;34mCompiling can.c[0m
[1;34mCompiling dac.c[0m
[1;34mCompiling ext.c[0m
[1;34mCompiling gpt.c[0m
[1;34mCompiling i2c.c[0m
[1;34mCompiling i2s.c[0m
[1;34mCompiling icu.c[0m
[1;34mCompiling mac.c[0m
[1;34mCompiling mmc_spi.c[0m
[1;34mCompiling pal.c[0m
[1;34mCompiling pwm.c[0m
[1;34mCompiling rtc.c[0m
[1;34mCompiling sdc.c[0m
[1;34mCompiling serial.c[0m
[1;34mCompiling serial_usb.c[0m
[1;34mCompiling spi.c[0m
[1;34mCompiling st.c[0m
[1;34mCompiling uart.c[0m
[1;34mCompiling usb.c[0m
[1;34mCompiling nvic.c[0m
[1;34mCompiling stm32_dma.c[0m
[1;34mCompiling hal_lld.c[0m
[1;34mCompiling adc_lld.c[0m
[1;34mCompiling ext_lld_isr.c[0m
[1;34mCompiling can_lld.c[0m
[1;34mCompiling ext_lld.c[0m
[1;34mCompiling mac_lld.c[0m
[1;34mCompiling sdc_lld.c[0m
[1;34mCompiling dac_lld.c[0m
[1;34mCompiling pal_lld.c[0m
[1;34mCompiling i2c_lld.c[0m
[1;34mCompiling usb_lld.c[0m
[1;34mCompiling rtc_lld.c[0m
[1;34mCompiling i2s_lld.c[0m
[1;34mCompiling spi_lld.c[0m
[1;34mCompiling gpt_lld.c[0m
[1;34mCompiling icu_lld.c[0m
[1;34mCompiling pwm_lld.c[0m
[1;34mCompiling st_lld.c[0m
[1;34mCompiling serial_lld.c[0m
[1;34mCompiling uart_lld.c[0m
[1;34mCompiling board.c[0m
[1;34mCompiling test.c[0m
[1;34mCompiling testthd.c[0m
[1;34mCompiling testsem.c[0m
[1;34mCompiling testmtx.c[0m
[1;34mCompiling testmsg.c[0m
[1;34mCompiling testmbox.c[0m
[1;34mCompiling testevt.c[0m
[1;34mCompiling testheap.c[0m
[1;34mCompiling testpools.c[0m
[1;34mCompiling testdyn.c[0m
[1;34mCompiling testqueues.c[0m
[1;34mCompiling testsys.c[0m
[1;34mCompiling testbmk.c[0m
[1;34mCompiling shell.c[0m
[1;34mCompiling memstreams.c[0m
[1;34mCompiling chprintf.c[0m
[1;34mCompiling fatfs_diskio.c[0m
[1;34mCompiling fatfs_syscall.c[0m
[1;34mCompiling ff.c[0m
[1;34mCompiling unicode.c[0m
[1;34mCompiling vm-buffer.c[0m
[1;34mCompiling can-buffer.c[0m
[1;34mCompiling can-net.c[0m
[1;34mCompiling natives.c[0m
[1;34mCompiling vm.c[0m
[1;34mCompiling aseba_can_interface.c[0m
[1;34mCompiling aseba_node.c[0m
[1;34mCompiling skel_user.c[0m
[1;34mCompiling aseba_bridge.c[0m
[1;34mLinking build/Project_template.elf[0m
[1;34mCreating build/Project_template.hex[0m
[1;34mCreating build/Project_template.bin[0m
[1;34mCreating build/Project_template.dmp[0m

   text	   data	    bss	    dec	    hex	filename
  47908	   2948	   6236	  57092	   df04	build/Project_template.elf
[1;34mCreating build/Project_template.list[0m

[1;34mDone[0m
11:37:08 **** Incremental Build of configuration Default for project MyProject ****
make all 
make: Nothing to be done for 'all'.
11:37:19 **** Incremental Build of configuration Default for project MyProject ****
make all 
make: Nothing to be done for 'all'.
11:41:30 **** Build of configuration Default for project MyProject ****
make all 
make: Nothing to be done for 'all'.
12:46:08 **** Build of configuration Default for project MyProject ****
make all 
[1;34mCompiling main.c[0m
main.c: In function 'main':
main.c:24:5: warning: implicit declaration of function 'get_selector'; did you mean 'pselect'? [-Wimplicit-function-declaration]
     get_selector();
     ^~~~~~~~~~~~
     pselect
main.c:25:5: warning: implicit declaration of function 'left_motor_set_speed' [-Wimplicit-function-declaration]
     left_motor_set_speed(int 1000);
     ^~~~~~~~~~~~~~~~~~~~
main.c:25:26: error: expected expression before 'int'
     left_motor_set_speed(int 1000);
                          ^~~
make: *** [../e-puck2_main-processor/ChibiOS//os/common/ports/ARMCMx/compilers/GCC/rules.mk:217: build/obj/main.o] Error 1
"make all" terminated with exit code 2. Build might be incomplete.
12:48:50 **** Incremental Build of configuration Default for project MyProject ****
make all 
[1;34mCompiling main.c[0m
main.c: In function 'main':
main.c:25:5: warning: implicit declaration of function 'get_selector'; did you mean 'pselect'? [-Wimplicit-function-declaration]
     get_selector();
     ^~~~~~~~~~~~
     pselect
[1;34mLinking build/Project_template.elf[0m
[1;34mCreating build/Project_template.hex[0m
[1;34mCreating build/Project_template.bin[0m
[1;34mCreating build/Project_template.dmp[0m

   text	   data	    bss	    dec	    hex	filename
  55444	   2980	  15932	  74356	  12274	build/Project_template.elf
[1;34mCreating build/Project_template.list[0m

[1;34mDone[0m
12:50:02 **** Incremental Build of configuration Default for project MyProject ****
make all 
[1;34mCompiling main.c[0m
main.c: In function 'main':
main.c:25:5: warning: implicit declaration of function 'get_selector'; did you mean 'pselect'? [-Wimplicit-function-declaration]
     get_selector();
     ^~~~~~~~~~~~
     pselect
[1;34mLinking build/Project_template.elf[0m
[1;34mCreating build/Project_template.hex[0m
[1;34mCreating build/Project_template.bin[0m
[1;34mCreating build/Project_template.dmp[0m

   text	   data	    bss	    dec	    hex	filename
  58388	   2980	  15964	  77332	  12e14	build/Project_template.elf
[1;34mCreating build/Project_template.list[0m

[1;34mDone[0m
12:50:39 **** Incremental Build of configuration Default for project MyProject ****
make all 
[1;34mCompiling main.c[0m
[1;34mLinking build/Project_template.elf[0m
[1;34mCreating build/Project_template.hex[0m
[1;34mCreating build/Project_template.bin[0m
[1;34mCreating build/Project_template.dmp[0m

   text	   data	    bss	    dec	    hex	filename
  58292	   2980	  15964	  77236	  12db4	build/Project_template.elf
[1;34mCreating build/Project_template.list[0m

[1;34mDone[0m
12:52:35 **** Incremental Build of configuration Default for project MyProject ****
make all 
[1;34mCompiling main.c[0m
[1;34mLinking build/Project_template.elf[0m
[1;34mCreating build/Project_template.hex[0m
[1;34mCreating build/Project_template.bin[0m
[1;34mCreating build/Project_template.dmp[0m

   text	   data	    bss	    dec	    hex	filename
  54868	   2980	  15900	  73748	  12014	build/Project_template.elf
[1;34mCreating build/Project_template.list[0m

[1;34mDone[0m
12:52:54 **** Incremental Build of configuration Default for project MyProject ****
make all 
make: Nothing to be done for 'all'.
12:53:34 **** Incremental Build of configuration Default for project MyProject ****
make all 
make: Nothing to be done for 'all'.
12:55:07 **** Incremental Build of configuration Default for project MyProject ****
make all 
[1;34mCompiling main.c[0m
[1;34mLinking build/Project_template.elf[0m
[1;34mCreating build/Project_template.hex[0m
[1;34mCreating build/Project_template.bin[0m
[1;34mCreating build/Project_template.dmp[0m

   text	   data	    bss	    dec	    hex	filename
  54868	   2980	  15900	  73748	  12014	build/Project_template.elf
[1;34mCreating build/Project_template.list[0m

[1;34mDone[0m
12:55:46 **** Build of configuration Default for project MyProject ****
make all 
make: Nothing to be done for 'all'.
12:55:53 **** Incremental Build of configuration Default for project MyProject ****
make all 
make: Nothing to be done for 'all'.
12:59:11 **** Build of configuration Default for project MyProject ****
make all 
make: Nothing to be done for 'all'.
11:17:55 **** Incremental Build of configuration Default for project MyProject ****
make all 
[1;34mCompiling main.c[0m
[1;34mLinking build/Project_template.elf[0m
[1;34mCreating build/Project_template.hex[0m
[1;34mCreating build/Project_template.bin[0m
[1;34mCreating build/Project_template.dmp[0m

   text	   data	    bss	    dec	    hex	filename
  54932	   2980	  15900	  73812	  12054	build/Project_template.elf
[1;34mCreating build/Project_template.list[0m

[1;34mDone[0m
11:18:08 **** Incremental Build of configuration Default for project MyProject ****
make all 
make: Nothing to be done for 'all'.
11:18:16 **** Incremental Build of configuration Default for project MyProject ****
make all 
make: Nothing to be done for 'all'.
11:19:58 **** Incremental Build of configuration Default for project MyProject ****
make all 
make: Nothing to be done for 'all'.
11:20:20 **** Incremental Build of configuration Default for project MyProject ****
make all 
make: Nothing to be done for 'all'.
11:33:58 **** Incremental Build of configuration Default for project MyProject ****
make all 
[1;34mCompiling main.c[0m
main.c: In function 'main':
main.c:28:5: error: 'count' undeclared (first use in this function); did you mean 'round'?
     count=0;
     ^~~~~
     round
main.c:28:5: note: each undeclared identifier is reported only once for each function it appears in
main.c:29:5: error: too many arguments to function 'motors_init'
     motors_init(0);
     ^~~~~~~~~~~
In file included from main.c:14:0:
../e-puck2_main-processor/src/motors.h:57:6: note: declared here
 void motors_init(void);
      ^~~~~~~~~~~
make: *** [../e-puck2_main-processor/ChibiOS//os/common/ports/ARMCMx/compilers/GCC/rules.mk:217: build/obj/main.o] Error 1
"make all" terminated with exit code 2. Build might be incomplete.
11:35:48 **** Incremental Build of configuration Default for project MyProject ****
make all 
[1;34mCompiling main.c[0m
main.c: In function 'main':
main.c:29:5: error: too many arguments to function 'motors_init'
     motors_init(0);
     ^~~~~~~~~~~
In file included from main.c:14:0:
../e-puck2_main-processor/src/motors.h:57:6: note: declared here
 void motors_init(void);
      ^~~~~~~~~~~
make: *** [../e-puck2_main-processor/ChibiOS//os/common/ports/ARMCMx/compilers/GCC/rules.mk:217: build/obj/main.o] Error 1
"make all" terminated with exit code 2. Build might be incomplete.
11:36:10 **** Incremental Build of configuration Default for project MyProject ****
make all 
[1;34mCompiling main.c[0m
[1;34mLinking build/Project_template.elf[0m
[1;34mCreating build/Project_template.hex[0m
[1;34mCreating build/Project_template.bin[0m
[1;34mCreating build/Project_template.dmp[0m

   text	   data	    bss	    dec	    hex	filename
  58692	   2980	  15964	  77636	  12f44	build/Project_template.elf
[1;34mCreating build/Project_template.list[0m

[1;34mDone[0m
11:37:19 **** Incremental Build of configuration Default for project MyProject ****
make all 
[1;34mCompiling main.c[0m
[1;34mLinking build/Project_template.elf[0m
[1;34mCreating build/Project_template.hex[0m
[1;34mCreating build/Project_template.bin[0m
[1;34mCreating build/Project_template.dmp[0m

   text	   data	    bss	    dec	    hex	filename
  58676	   2980	  15964	  77620	  12f34	build/Project_template.elf
[1;34mCreating build/Project_template.list[0m

[1;34mDone[0m
11:37:28 **** Incremental Build of configuration Default for project MyProject ****
make all 
make: Nothing to be done for 'all'.
11:38:10 **** Incremental Build of configuration Default for project MyProject ****
make all 
make: Nothing to be done for 'all'.
11:49:05 **** Incremental Build of configuration Default for project MyProject ****
make all 
[1;34mCompiling main.c[0m
main.c:20:1: error: unknown type name 'essagebus_t'; did you mean 'messagebus_t'?
 essagebus_t bus;
 ^~~~~~~~~~~
 messagebus_t
main.c:20:13: error: conflicting types for 'bus'
 essagebus_t bus;
             ^~~
In file included from main.c:10:0:
./main.h:12:21: note: previous declaration of 'bus' was here
 extern messagebus_t bus;
                     ^~~
main.c: In function 'main':
main.c:27:18: warning: passing argument 1 of 'messagebus_init' from incompatible pointer type [-Wincompatible-pointer-types]
  messagebus_init(&bus, &bus_lock, &bus_condvar);
                  ^
In file included from ./main.h:8:0,
                 from main.c:10:
../e-puck2_main-processor/src/msgbus/messagebus.h:73:6: note: expected 'messagebus_t * {aka struct <anonymous> *}' but argument is of type 'int *'
 void messagebus_init(messagebus_t *bus, void *lock, void *condvar);
      ^~~~~~~~~~~~~~~
main.c:41:5: error: too few arguments to function 'proximity_start'
     proximity_start();
     ^~~~~~~~~~~~~~~
In file included from main.c:17:0:
../e-puck2_main-processor/src/sensors/proximity.h:36:6: note: declared here
 void proximity_start(uint8_t mode);
      ^~~~~~~~~~~~~~~
main.c:39:9: warning: unused variable 'preState' [-Wunused-variable]
     int preState = -1;
         ^~~~~~~~
main.c:36:9: warning: unused variable 'count' [-Wunused-variable]
     int count=0;
         ^~~~~
make: *** [../e-puck2_main-processor/ChibiOS//os/common/ports/ARMCMx/compilers/GCC/rules.mk:217: build/obj/main.o] Error 1
"make all" terminated with exit code 2. Build might be incomplete.
11:49:28 **** Incremental Build of configuration Default for project MyProject ****
make all 
[1;34mCompiling main.c[0m
main.c:20:1: error: unknown type name 'essagebus_t'; did you mean 'messagebus_t'?
 essagebus_t bus;
 ^~~~~~~~~~~
 messagebus_t
main.c:20:13: error: conflicting types for 'bus'
 essagebus_t bus;
             ^~~
In file included from main.c:10:0:
./main.h:12:21: note: previous declaration of 'bus' was here
 extern messagebus_t bus;
                     ^~~
main.c: In function 'main':
main.c:27:18: warning: passing argument 1 of 'messagebus_init' from incompatible pointer type [-Wincompatible-pointer-types]
  messagebus_init(&bus, &bus_lock, &bus_condvar);
                  ^
In file included from ./main.h:8:0,
                 from main.c:10:
../e-puck2_main-processor/src/msgbus/messagebus.h:73:6: note: expected 'messagebus_t * {aka struct <anonymous> *}' but argument is of type 'int *'
 void messagebus_init(messagebus_t *bus, void *lock, void *condvar);
      ^~~~~~~~~~~~~~~
main.c:41:5: error: too few arguments to function 'proximity_start'
     proximity_start();
     ^~~~~~~~~~~~~~~
In file included from main.c:17:0:
../e-puck2_main-processor/src/sensors/proximity.h:36:6: note: declared here
 void proximity_start(uint8_t mode);
      ^~~~~~~~~~~~~~~
main.c:39:9: warning: unused variable 'preState' [-Wunused-variable]
     int preState = -1;
         ^~~~~~~~
main.c:36:9: warning: unused variable 'count' [-Wunused-variable]
     int count=0;
         ^~~~~
make: *** [../e-puck2_main-processor/ChibiOS//os/common/ports/ARMCMx/compilers/GCC/rules.mk:217: build/obj/main.o] Error 1
"make all" terminated with exit code 2. Build might be incomplete.
11:49:55 **** Incremental Build of configuration Default for project MyProject ****
make all 
[1;34mCompiling main.c[0m
main.c:20:1: error: unknown type name 'essagebus_t'; did you mean 'messagebus_t'?
 essagebus_t bus;
 ^~~~~~~~~~~
 messagebus_t
main.c:20:13: error: conflicting types for 'bus'
 essagebus_t bus;
             ^~~
In file included from main.c:10:0:
./main.h:12:21: note: previous declaration of 'bus' was here
 extern messagebus_t bus;
                     ^~~
main.c: In function 'main':
main.c:27:18: warning: passing argument 1 of 'messagebus_init' from incompatible pointer type [-Wincompatible-pointer-types]
  messagebus_init(&bus, &bus_lock, &bus_condvar);
                  ^
In file included from ./main.h:8:0,
                 from main.c:10:
../e-puck2_main-processor/src/msgbus/messagebus.h:73:6: note: expected 'messagebus_t * {aka struct <anonymous> *}' but argument is of type 'int *'
 void messagebus_init(messagebus_t *bus, void *lock, void *condvar);
      ^~~~~~~~~~~~~~~
main.c:41:5: error: too few arguments to function 'proximity_start'
     proximity_start();
     ^~~~~~~~~~~~~~~
In file included from main.c:17:0:
../e-puck2_main-processor/src/sensors/proximity.h:36:6: note: declared here
 void proximity_start(uint8_t mode);
      ^~~~~~~~~~~~~~~
main.c:39:9: warning: unused variable 'preState' [-Wunused-variable]
     int preState = -1;
         ^~~~~~~~
main.c:36:9: warning: unused variable 'count' [-Wunused-variable]
     int count=0;
         ^~~~~
make: *** [../e-puck2_main-processor/ChibiOS//os/common/ports/ARMCMx/compilers/GCC/rules.mk:217: build/obj/main.o] Error 1
"make all" terminated with exit code 2. Build might be incomplete.
11:50:44 **** Incremental Build of configuration Default for project MyProject ****
make all 
[1;34mCompiling main.c[0m
main.c:20:1: error: unknown type name 'essagebus_t'; did you mean 'messagebus_t'?
 essagebus_t bus;
 ^~~~~~~~~~~
 messagebus_t
main.c:20:13: error: conflicting types for 'bus'
 essagebus_t bus;
             ^~~
In file included from main.c:10:0:
./main.h:12:21: note: previous declaration of 'bus' was here
 extern messagebus_t bus;
                     ^~~
main.c: In function 'main':
main.c:33:21: warning: passing argument 1 of 'messagebus_init' from incompatible pointer type [-Wincompatible-pointer-types]
     messagebus_init(&bus, &bus_lock, &bus_condvar);
                     ^
In file included from ./main.h:8:0,
                 from main.c:10:
../e-puck2_main-processor/src/msgbus/messagebus.h:73:6: note: expected 'messagebus_t * {aka struct <anonymous> *}' but argument is of type 'int *'
 void messagebus_init(messagebus_t *bus, void *lock, void *condvar);
      ^~~~~~~~~~~~~~~
main.c:43:5: error: too few arguments to function 'proximity_start'
     proximity_start();
     ^~~~~~~~~~~~~~~
In file included from main.c:17:0:
../e-puck2_main-processor/src/sensors/proximity.h:36:6: note: declared here
 void proximity_start(uint8_t mode);
      ^~~~~~~~~~~~~~~
main.c:41:9: warning: unused variable 'preState' [-Wunused-variable]
     int preState = -1;
         ^~~~~~~~
main.c:38:9: warning: unused variable 'count' [-Wunused-variable]
     int count=0;
         ^~~~~
make: *** [../e-puck2_main-processor/ChibiOS//os/common/ports/ARMCMx/compilers/GCC/rules.mk:217: build/obj/main.o] Error 1
"make all" terminated with exit code 2. Build might be incomplete.
11:52:28 **** Incremental Build of configuration Default for project MyProject ****
make all 
[1;34mCompiling main.c[0m
main.c: In function 'main':
main.c:43:5: error: too few arguments to function 'proximity_start'
     proximity_start();
     ^~~~~~~~~~~~~~~
In file included from main.c:17:0:
../e-puck2_main-processor/src/sensors/proximity.h:36:6: note: declared here
 void proximity_start(uint8_t mode);
      ^~~~~~~~~~~~~~~
main.c:41:9: warning: unused variable 'preState' [-Wunused-variable]
     int preState = -1;
         ^~~~~~~~
main.c:38:9: warning: unused variable 'count' [-Wunused-variable]
     int count=0;
         ^~~~~
make: *** [../e-puck2_main-processor/ChibiOS//os/common/ports/ARMCMx/compilers/GCC/rules.mk:217: build/obj/main.o] Error 1
"make all" terminated with exit code 2. Build might be incomplete.
11:53:46 **** Incremental Build of configuration Default for project MyProject ****
make all 
[1;34mCompiling main.c[0m
main.c: In function 'main':
main.c:39:9: warning: unused variable 'count' [-Wunused-variable]
     int count=0;
         ^~~~~
[1;34mLinking build/Project_template.elf[0m
[1;34mCreating build/Project_template.hex[0m
[1;34mCreating build/Project_template.bin[0m
[1;34mCreating build/Project_template.dmp[0m

   text	   data	    bss	    dec	    hex	filename
  70644	   3068	  17496	  91208	  16448	build/Project_template.elf
[1;34mCreating build/Project_template.list[0m

[1;34mDone[0m
11:53:58 **** Incremental Build of configuration Default for project MyProject ****
make all 
[1;34mCompiling main.c[0m
[1;34mLinking build/Project_template.elf[0m
[1;34mCreating build/Project_template.hex[0m
[1;34mCreating build/Project_template.bin[0m
[1;34mCreating build/Project_template.dmp[0m

   text	   data	    bss	    dec	    hex	filename
  70644	   3068	  17496	  91208	  16448	build/Project_template.elf
[1;34mCreating build/Project_template.list[0m

[1;34mDone[0m
11:54:42 **** Incremental Build of configuration Default for project MyProject ****
make all 
make: Nothing to be done for 'all'.
11:54:59 **** Incremental Build of configuration Default for project MyProject ****
make all 
make: Nothing to be done for 'all'.
11:57:07 **** Incremental Build of configuration Default for project MyProject ****
make all 
[1;34mCompiling main.c[0m
[1;34mLinking build/Project_template.elf[0m
[1;34mCreating build/Project_template.hex[0m
[1;34mCreating build/Project_template.bin[0m
[1;34mCreating build/Project_template.dmp[0m

   text	   data	    bss	    dec	    hex	filename
  70644	   3068	  17496	  91208	  16448	build/Project_template.elf
[1;34mCreating build/Project_template.list[0m

[1;34mDone[0m
11:58:33 **** Incremental Build of configuration Default for project MyProject ****
make all 
[1;34mCompiling main.c[0m
[1;34mLinking build/Project_template.elf[0m
[1;34mCreating build/Project_template.hex[0m
[1;34mCreating build/Project_template.bin[0m
[1;34mCreating build/Project_template.dmp[0m

   text	   data	    bss	    dec	    hex	filename
  70676	   3068	  17496	  91240	  16468	build/Project_template.elf
[1;34mCreating build/Project_template.list[0m

[1;34mDone[0m
11:58:52 **** Incremental Build of configuration Default for project MyProject ****
make all 
make: Nothing to be done for 'all'.
11:59:26 **** Incremental Build of configuration Default for project MyProject ****
make all 
make: Nothing to be done for 'all'.
11:59:38 **** Incremental Build of configuration Default for project MyProject ****
make all 
make: Nothing to be done for 'all'.
12:00:33 **** Incremental Build of configuration Default for project MyProject ****
make all 
make: Nothing to be done for 'all'.
12:00:56 **** Incremental Build of configuration Default for project MyProject ****
make all 
make: Nothing to be done for 'all'.
12:04:04 **** Incremental Build of configuration Default for project MyProject ****
make all 
[1;34mCompiling main.c[0m
[1;34mLinking build/Project_template.elf[0m
[1;34mCreating build/Project_template.hex[0m
[1;34mCreating build/Project_template.bin[0m
[1;34mCreating build/Project_template.dmp[0m

   text	   data	    bss	    dec	    hex	filename
  70612	   3068	  17496	  91176	  16428	build/Project_template.elf
[1;34mCreating build/Project_template.list[0m

[1;34mDone[0m
12:08:34 **** Incremental Build of configuration Default for project MyProject ****
make all 
[1;34mCompiling main.c[0m
main.c: In function 'main':
main.c:46:23: error: expected expression before 'const'
     e_send_uart1_char(const char * buff, int buff_len);
                       ^~~~~
main.c:46:5: error: too few arguments to function 'e_send_uart1_char'
     e_send_uart1_char(const char * buff, int buff_len);
     ^~~~~~~~~~~~~~~~~
In file included from main.c:19:0:
../e-puck2_main-processor/src/epuck1x/uart/e_uart_char.h:113:6: note: declared here
 void e_send_uart1_char(const char * buff, int length);
      ^~~~~~~~~~~~~~~~~
main.c:57:42: warning: passing argument 2 of 'sprintf' makes pointer from integer without a cast [-Wint-conversion]
    str_length = sprintf("Sensor %d: \n", get_calibrated_prox(i));
                                          ^~~~~~~~~~~~~~~~~~~
In file included from /home/acse-lab/Documents/Team3/Eclipse_e-puck2/Tools/gcc-arm-none-eabi-7-2017-q4-major/arm-none-eabi/include/stdio.h:29:0,
                 from main.c:1:
/home/acse-lab/Documents/Team3/Eclipse_e-puck2/Tools/gcc-arm-none-eabi-7-2017-q4-major/arm-none-eabi/include/stdio.h:244:5: note: expected 'const char * restrict' but argument is of type 'int'
 int _EXFUN(sprintf, (char *__restrict, const char *__restrict, ...)
     ^
make: *** [../e-puck2_main-processor/ChibiOS//os/common/ports/ARMCMx/compilers/GCC/rules.mk:217: build/obj/main.o] Error 1
"make all" terminated with exit code 2. Build might be incomplete.
12:11:59 **** Incremental Build of configuration Default for project MyProject ****
make all 
[1;34mCompiling main.c[0m
main.c: In function 'main':
main.c:45:9: error: conflicting types for 'chprintf'
     int chprintf(BaseSequentialStream *chp, const char *fmt);
         ^~~~~~~~
In file included from main.c:19:0:
../e-puck2_main-processor/ChibiOS//os/hal/lib/streams/chprintf.h:69:19: note: previous definition of 'chprintf' was here
 static inline int chprintf(BaseSequentialStream *chp, const char *fmt, ...) {
                   ^~~~~~~~
main.c:52:58: error: 'prox_values' undeclared (first use in this function)
          chprintf((BaseSequentialStream *)&SDU1, "%4d,", prox_values[0]);
                                                          ^~~~~~~~~~~
main.c:52:58: note: each undeclared identifier is reported only once for each function it appears in
main.c:52:10: error: too many arguments to function 'chprintf'
          chprintf((BaseSequentialStream *)&SDU1, "%4d,", prox_values[0]);
          ^~~~~~~~
main.c:45:9: note: declared here
     int chprintf(BaseSequentialStream *chp, const char *fmt);
         ^~~~~~~~
main.c:55:4: error: 'str_length' undeclared (first use in this function); did you mean 'strnlen'?
    str_length = sprintf("Sensor %d: \n", get_calibrated_prox(i));
    ^~~~~~~~~~
    strnlen
main.c:55:42: warning: passing argument 2 of 'sprintf' makes pointer from integer without a cast [-Wint-conversion]
    str_length = sprintf("Sensor %d: \n", get_calibrated_prox(i));
                                          ^~~~~~~~~~~~~~~~~~~
In file included from /home/acse-lab/Documents/Team3/Eclipse_e-puck2/Tools/gcc-arm-none-eabi-7-2017-q4-major/arm-none-eabi/include/stdio.h:29:0,
                 from main.c:1:
/home/acse-lab/Documents/Team3/Eclipse_e-puck2/Tools/gcc-arm-none-eabi-7-2017-q4-major/arm-none-eabi/include/stdio.h:244:5: note: expected 'const char * restrict' but argument is of type 'int'
 int _EXFUN(sprintf, (char *__restrict, const char *__restrict, ...)
     ^
main.c:56:4: error: unknown type name 'sudo'; did you mean 'stdout'?
    sudo cat /dev/ttyACM2
    ^~~~
    stdout
main.c:56:13: error: expected '=', ',', ';', 'asm' or '__attribute__' before '/' token
    sudo cat /dev/ttyACM2
             ^
main.c:69:1: error: expected declaration or statement at end of input
 }
 ^
main.c:64:11: warning: unused variable '__stack_chk_guard' [-Wunused-variable]
 uintptr_t __stack_chk_guard = STACK_CHK_GUARD;
           ^~~~~~~~~~~~~~~~~
At top level:
main.c:66:6: warning: '__stack_chk_fail' defined but not used [-Wunused-function]
 void __stack_chk_fail(void)
      ^~~~~~~~~~~~~~~~
make: *** [../e-puck2_main-processor/ChibiOS//os/common/ports/ARMCMx/compilers/GCC/rules.mk:217: build/obj/main.o] Error 1
"make all" terminated with exit code 2. Build might be incomplete.
12:12:53 **** Incremental Build of configuration Default for project MyProject ****
make all 
[1;34mCompiling main.c[0m
main.c: In function 'main':
main.c:45:9: error: conflicting types for 'chprintf'
     int chprintf(BaseSequentialStream *chp, const char *fmt);
         ^~~~~~~~
In file included from main.c:19:0:
../e-puck2_main-processor/ChibiOS//os/hal/lib/streams/chprintf.h:69:19: note: previous definition of 'chprintf' was here
 static inline int chprintf(BaseSequentialStream *chp, const char *fmt, ...) {
                   ^~~~~~~~
main.c:52:58: error: 'prox_values' undeclared (first use in this function)
          chprintf((BaseSequentialStream *)&SDU1, "%4d,", prox_values[0]);
                                                          ^~~~~~~~~~~
main.c:52:58: note: each undeclared identifier is reported only once for each function it appears in
main.c:52:10: error: too many arguments to function 'chprintf'
          chprintf((BaseSequentialStream *)&SDU1, "%4d,", prox_values[0]);
          ^~~~~~~~
main.c:45:9: note: declared here
     int chprintf(BaseSequentialStream *chp, const char *fmt);
         ^~~~~~~~
main.c:56:4: error: unknown type name 'sudo'; did you mean 'stdout'?
    sudo cat /dev/ttyACM2
    ^~~~
    stdout
main.c:56:13: error: expected '=', ',', ';', 'asm' or '__attribute__' before '/' token
    sudo cat /dev/ttyACM2
             ^
main.c:69:1: error: expected declaration or statement at end of input
 }
 ^
main.c:64:11: warning: unused variable '__stack_chk_guard' [-Wunused-variable]
 uintptr_t __stack_chk_guard = STACK_CHK_GUARD;
           ^~~~~~~~~~~~~~~~~
At top level:
main.c:66:6: warning: '__stack_chk_fail' defined but not used [-Wunused-function]
 void __stack_chk_fail(void)
      ^~~~~~~~~~~~~~~~
make: *** [../e-puck2_main-processor/ChibiOS//os/common/ports/ARMCMx/compilers/GCC/rules.mk:217: build/obj/main.o] Error 1
"make all" terminated with exit code 2. Build might be incomplete.
12:15:30 **** Incremental Build of configuration Default for project MyProject ****
make all 
[1;34mCompiling main.c[0m
main.c: In function 'main':
main.c:45:9: error: conflicting types for 'chprintf'
     int chprintf(BaseSequentialStream *chp, const char *fmt);
         ^~~~~~~~
In file included from main.c:19:0:
../e-puck2_main-processor/ChibiOS//os/hal/lib/streams/chprintf.h:69:19: note: previous definition of 'chprintf' was here
 static inline int chprintf(BaseSequentialStream *chp, const char *fmt, ...) {
                   ^~~~~~~~
main.c:52:58: error: 'prox_values' undeclared (first use in this function)
          chprintf((BaseSequentialStream *)&SDU1, "%4d,", prox_values[0]);
                                                          ^~~~~~~~~~~
main.c:52:58: note: each undeclared identifier is reported only once for each function it appears in
main.c:52:10: error: too many arguments to function 'chprintf'
          chprintf((BaseSequentialStream *)&SDU1, "%4d,", prox_values[0]);
          ^~~~~~~~
main.c:45:9: note: declared here
     int chprintf(BaseSequentialStream *chp, const char *fmt);
         ^~~~~~~~
make: *** [../e-puck2_main-processor/ChibiOS//os/common/ports/ARMCMx/compilers/GCC/rules.mk:217: build/obj/main.o] Error 1
"make all" terminated with exit code 2. Build might be incomplete.
12:43:07 **** Incremental Build of configuration Default for project MyProject ****
make all 
[1;34mCompiling main.c[0m
main.c: In function 'main':
main.c:57:42: warning: passing argument 2 of 'sprintf' makes pointer from integer without a cast [-Wint-conversion]
    str_length = sprintf("Sensor %d: \n", get_calibrated_prox(i));
                                          ^~~~~~~~~~~~~~~~~~~
In file included from /home/acse-lab/Documents/Team3/Eclipse_e-puck2/Tools/gcc-arm-none-eabi-7-2017-q4-major/arm-none-eabi/include/stdio.h:29:0,
                 from main.c:1:
/home/acse-lab/Documents/Team3/Eclipse_e-puck2/Tools/gcc-arm-none-eabi-7-2017-q4-major/arm-none-eabi/include/stdio.h:244:5: note: expected 'const char * restrict' but argument is of type 'int'
 int _EXFUN(sprintf, (char *__restrict, const char *__restrict, ...)
     ^
[1;34mLinking build/Project_template.elf[0m
[1;34mCreating build/Project_template.hex[0m
[1;34mCreating build/Project_template.bin[0m
[1;34mCreating build/Project_template.dmp[0m

   text	   data	    bss	    dec	    hex	filename
  62596	   3084	  17500	  83180	  144ec	build/Project_template.elf
[1;34mCreating build/Project_template.list[0m

[1;34mDone[0m
12:44:43 **** Incremental Build of configuration Default for project MyProject ****
make all 
[1;34mCompiling main.c[0m
main.c: In function 'main':
main.c:48:30: error: 'str' undeclared (first use in this function); did you mean 'sbrk'?
     int str_length = sprintf(str, "Printing number %d!\n",10);
                              ^~~
                              sbrk
main.c:48:30: note: each undeclared identifier is reported only once for each function it appears in
make: *** [../e-puck2_main-processor/ChibiOS//os/common/ports/ARMCMx/compilers/GCC/rules.mk:217: build/obj/main.o] Error 1
"make all" terminated with exit code 2. Build might be incomplete.
12:45:34 **** Incremental Build of configuration Default for project MyProject ****
make all 
[1;34mCompiling main.c[0m
[1;34mLinking build/Project_template.elf[0m
[1;34mCreating build/Project_template.hex[0m
[1;34mCreating build/Project_template.bin[0m
[1;34mCreating build/Project_template.dmp[0m

   text	   data	    bss	    dec	    hex	filename
  62564	   3084	  17500	  83148	  144cc	build/Project_template.elf
[1;34mCreating build/Project_template.list[0m

[1;34mDone[0m
12:45:42 **** Incremental Build of configuration Default for project MyProject ****
make all 
make: Nothing to be done for 'all'.
12:46:04 **** Incremental Build of configuration Default for project MyProject ****
make all 
make: Nothing to be done for 'all'.
12:46:44 **** Incremental Build of configuration Default for project MyProject ****
make all 
[1;34mCompiling main.c[0m
main.c: In function 'main':
main.c:57:42: warning: passing argument 2 of 'sprintf' makes pointer from integer without a cast [-Wint-conversion]
    str_length = sprintf("Sensor %d: \n", get_calibrated_prox(i));
                                          ^~~~~~~~~~~~~~~~~~~
In file included from /home/acse-lab/Documents/Team3/Eclipse_e-puck2/Tools/gcc-arm-none-eabi-7-2017-q4-major/arm-none-eabi/include/stdio.h:29:0,
                 from main.c:1:
/home/acse-lab/Documents/Team3/Eclipse_e-puck2/Tools/gcc-arm-none-eabi-7-2017-q4-major/arm-none-eabi/include/stdio.h:244:5: note: expected 'const char * restrict' but argument is of type 'int'
 int _EXFUN(sprintf, (char *__restrict, const char *__restrict, ...)
     ^
[1;34mLinking build/Project_template.elf[0m
[1;34mCreating build/Project_template.hex[0m
[1;34mCreating build/Project_template.bin[0m
[1;34mCreating build/Project_template.dmp[0m

   text	   data	    bss	    dec	    hex	filename
  62596	   3084	  17500	  83180	  144ec	build/Project_template.elf
[1;34mCreating build/Project_template.list[0m

[1;34mDone[0m
12:46:52 **** Incremental Build of configuration Default for project MyProject ****
make all 
make: Nothing to be done for 'all'.
12:47:39 **** Incremental Build of configuration Default for project MyProject ****
make all 
make: Nothing to be done for 'all'.
12:48:34 **** Incremental Build of configuration Default for project MyProject ****
make all 
[1;34mCompiling main.c[0m
[1;34mLinking build/Project_template.elf[0m
[1;34mCreating build/Project_template.hex[0m
[1;34mCreating build/Project_template.bin[0m
[1;34mCreating build/Project_template.dmp[0m

   text	   data	    bss	    dec	    hex	filename
  62628	   3084	  17500	  83212	  1450c	build/Project_template.elf
[1;34mCreating build/Project_template.list[0m

[1;34mDone[0m
12:49:36 **** Incremental Build of configuration Default for project MyProject ****
make all 
[1;34mCompiling main.c[0m
[1;34mLinking build/Project_template.elf[0m
[1;34mCreating build/Project_template.hex[0m
[1;34mCreating build/Project_template.bin[0m
[1;34mCreating build/Project_template.dmp[0m

   text	   data	    bss	    dec	    hex	filename
  62628	   3084	  17500	  83212	  1450c	build/Project_template.elf
[1;34mCreating build/Project_template.list[0m

[1;34mDone[0m
12:50:16 **** Incremental Build of configuration Default for project MyProject ****
make all 
[1;34mCompiling main.c[0m
[1;34mLinking build/Project_template.elf[0m
[1;34mCreating build/Project_template.hex[0m
[1;34mCreating build/Project_template.bin[0m
[1;34mCreating build/Project_template.dmp[0m

   text	   data	    bss	    dec	    hex	filename
  62628	   3084	  17500	  83212	  1450c	build/Project_template.elf
[1;34mCreating build/Project_template.list[0m

[1;34mDone[0m
12:51:02 **** Incremental Build of configuration Default for project MyProject ****
make all 
[1;34mCompiling main.c[0m
[1;34mLinking build/Project_template.elf[0m
[1;34mCreating build/Project_template.hex[0m
[1;34mCreating build/Project_template.bin[0m
[1;34mCreating build/Project_template.dmp[0m

   text	   data	    bss	    dec	    hex	filename
  62628	   3084	  17500	  83212	  1450c	build/Project_template.elf
[1;34mCreating build/Project_template.list[0m

[1;34mDone[0m
11:41:42 **** Build of configuration Default for project MyProject ****
make all 
[1;34mCompiling main.c[0m
main.c: In function 'main':
main.c:57:12: error: expected expression before ')' token
     while () {
            ^
main.c:58:21: error: 'i' undeclared (first use in this function)
         for(int i=0;i<8;i++)
                     ^
main.c:58:21: note: each undeclared identifier is reported only once for each function it appears in
make: *** [../e-puck2_main-processor/ChibiOS//os/common/ports/ARMCMx/compilers/GCC/rules.mk:217: build/obj/main.o] Error 1
"make all" terminated with exit code 2. Build might be incomplete.
11:42:09 **** Incremental Build of configuration Default for project MyProject ****
make all 
[1;34mCompiling main.c[0m
[1;34mLinking build/Project_template.elf[0m
[1;34mCreating build/Project_template.hex[0m
[1;34mCreating build/Project_template.bin[0m
[1;34mCreating build/Project_template.dmp[0m

   text	   data	    bss	    dec	    hex	filename
  62628	   3084	  17500	  83212	  1450c	build/Project_template.elf
[1;34mCreating build/Project_template.list[0m

[1;34mDone[0m
12:48:01 **** Incremental Build of configuration Default for project MyProject ****
make all 
[1;34mCompiling main.c[0m
main.c: In function 'main':
main.c:70:5: warning: implicit declaration of function 'turn_left' [-Wimplicit-function-declaration]
     turn_left();
     ^~~~~~~~~
main.c:77:4: warning: implicit declaration of function 'go_straight' [-Wimplicit-function-declaration]
    go_straight();
    ^~~~~~~~~~~
main.c: At top level:
main.c:92:6: warning: conflicting types for 'go_straight'
 void go_straight(float speed) {
      ^~~~~~~~~~~
main.c:77:4: note: previous implicit declaration of 'go_straight' was here
    go_straight();
    ^~~~~~~~~~~
main.c: In function 'go_straight':
main.c:92:24: warning: unused parameter 'speed' [-Wunused-parameter]
 void go_straight(float speed) {
                        ^~~~~
main.c: In function 'turn_randomly':
main.c:98:1: warning: implicit declaration of function 'turn_right' [-Wimplicit-function-declaration]
 turn_right();
 ^~~~~~~~~~
main.c:97:24: warning: unused parameter 'x' [-Wunused-parameter]
 void turn_randomly(int x) {
                        ^
main.c: At top level:
main.c:102:6: warning: function declaration isn't a prototype [-Wstrict-prototypes]
 void turn_right() {
      ^~~~~~~~~~
main.c:102:6: warning: conflicting types for 'turn_right'
main.c:98:1: note: previous implicit declaration of 'turn_right' was here
 turn_right();
 ^~~~~~~~~~
main.c:107:6: warning: function declaration isn't a prototype [-Wstrict-prototypes]
 void turn_left() {
      ^~~~~~~~~
main.c:107:6: warning: conflicting types for 'turn_left'
main.c:70:5: note: previous implicit declaration of 'turn_left' was here
     turn_left();
     ^~~~~~~~~
[1;34mLinking build/Project_template.elf[0m
[1;34mCreating build/Project_template.hex[0m
[1;34mCreating build/Project_template.bin[0m
[1;34mCreating build/Project_template.dmp[0m

   text	   data	    bss	    dec	    hex	filename
  63092	   3084	  17508	  83684	  146e4	build/Project_template.elf
[1;34mCreating build/Project_template.list[0m

[1;34mDone[0m
